[Sun Mar 15 06:50:12 CDT 2026] 🎮 BOT COMMANDER CHECK
📡 Checking inter-bot communication...
[Sun Mar 15 06:50:12 CDT 2026] ✅ Bot Commander cycle complete - next check in 30 seconds
[Sun Mar 15 06:50:42 CDT 2026] 🎮 BOT COMMANDER CHECK
📡 Checking inter-bot communication...
📨 Processing bot communication: deerg-commands.txt
🤖 Inter-bot command: NEW_CONTENT|28 recent commits detected
📨 Processing bot communication: doctor-commands.txt
🤖 Inter-bot command: ANALYZE_NEW|Content changes require PLT analysis
[Sun Mar 15 06:50:43 CDT 2026] ✅ Bot Commander cycle complete - next check in 30 seconds
[Sun Mar 15 06:51:13 CDT 2026] 🎮 BOT COMMANDER CHECK
📡 Checking inter-bot communication...
[Sun Mar 15 06:51:13 CDT 2026] ✅ Bot Commander cycle complete - next check in 30 seconds
[Sun Mar 15 06:51:43 CDT 2026] 🎮 BOT COMMANDER CHECK
📡 Checking inter-bot communication...
[Sun Mar 15 06:51:44 CDT 2026] ✅ Bot Commander cycle complete - next check in 30 seconds
[Sun Mar 15 06:52:11 CDT 2026] 🎮 BOT COMMANDER CHECK
📡 Checking inter-bot communication...
[Sun Mar 15 06:52:11 CDT 2026] ✅ Bot Commander cycle complete - next check in 30 seconds
[Sun Mar 15 06:52:14 CDT 2026] 🎮 BOT COMMANDER CHECK
📡 Checking inter-bot communication...
📨 Processing bot communication: deerg-commands.txt
🤖 Inter-bot command: BUILD_NOTIFICATION|New content being generated
🤖 Inter-bot command: NEW_CONTENT|30 recent commits detected
📨 Processing bot communication: doctor-commands.txt
🤖 Inter-bot command: CONTENT_ALERT|Autonomous building active
🤖 Inter-bot command: ANALYZE_NEW|Content changes require PLT analysis
[Sun Mar 15 06:52:14 CDT 2026] ✅ Bot Commander cycle complete - next check in 30 seconds
