[Thu May  7 17:11:02 UTC 2026] 🏗️ DEERG BOT UNIVERSE SCAN
🔍 Scanning for new content needing windows...
📄 Found pages needing windows:
  - ./plt-seo-hub/guides/plt-faq.html
  - ./plt-seo-hub/core/plt-framework-complete-guide.html
  - ./plt-seo-hub/core/what-is-profit-love-tax.html
  - ./plt-seo-hub/comparisons/plt-vs-lean-startup.html
  - ./plt-seo-hub/industry/plt-for-startups.html
  - ./plt-seo-hub/tools/plt-calculator.html
  - ./plt-seo-hub/case-studies/saas-plt-case-study.html
  - ./soul-chat-hub.html
  - ./plt-seo-army/content/plt-vs-okr-framework-comparison.html
  - ./plt-seo-army/content/how-to-implement-profit-love-tax.html
📦 Scanning products directory...
Found 0 product pages
📝 Scanning blog directory...
Blog directory not accessible
AI tools hub not accessible
💡 UNIVERSE EXPANSION IDEAS:
  - SEO Dashboard: Track all SEO page rankings
  - Product Sales Hub: Monitor all product revenue
  - Content Empire: Manage all blog/content
  - AI Tools Portal: Gateway to comparison empire
  - Revenue Streams: Visual map of all income sources
  - Soul Management: Control all deployed agents
  - Freedom Metrics: Track cost liberation progress
  - Automation Hub: Manage all automated systems
📊 Updating dashboard with universe status...
[Thu May  7 17:11:03 UTC 2026] ✅ Universe scan complete - next scan in 15 minutes
[Thu May  7 17:26:03 UTC 2026] 🏗️ DEERG BOT UNIVERSE SCAN
🔍 Scanning for new content needing windows...
📄 Found pages needing windows:
  - ./plt-seo-hub/guides/plt-faq.html
  - ./plt-seo-hub/core/plt-framework-complete-guide.html
  - ./plt-seo-hub/core/what-is-profit-love-tax.html
  - ./plt-seo-hub/comparisons/plt-vs-lean-startup.html
  - ./plt-seo-hub/industry/plt-for-startups.html
  - ./plt-seo-hub/tools/plt-calculator.html
  - ./plt-seo-hub/case-studies/saas-plt-case-study.html
  - ./soul-chat-hub.html
  - ./plt-seo-army/content/plt-vs-okr-framework-comparison.html
  - ./plt-seo-army/content/how-to-implement-profit-love-tax.html
📦 Scanning products directory...
Found 0 product pages
📝 Scanning blog directory...
Blog directory not accessible
AI tools hub not accessible
💡 UNIVERSE EXPANSION IDEAS:
  - SEO Dashboard: Track all SEO page rankings
  - Product Sales Hub: Monitor all product revenue
  - Content Empire: Manage all blog/content
  - AI Tools Portal: Gateway to comparison empire
  - Revenue Streams: Visual map of all income sources
  - Soul Management: Control all deployed agents
  - Freedom Metrics: Track cost liberation progress
  - Automation Hub: Manage all automated systems
📊 Updating dashboard with universe status...
[Thu May  7 17:26:03 UTC 2026] ✅ Universe scan complete - next scan in 15 minutes
[Sun May 10 03:42:34 UTC 2026] 🏗️ DEERG BOT UNIVERSE SCAN
🔍 Scanning for new content needing windows...
📄 Found pages needing windows:
  - ./plt-seo-hub/guides/plt-faq.html
  - ./plt-seo-hub/core/plt-framework-complete-guide.html
  - ./plt-seo-hub/core/what-is-profit-love-tax.html
  - ./plt-seo-hub/comparisons/plt-vs-lean-startup.html
  - ./plt-seo-hub/industry/plt-for-startups.html
  - ./plt-seo-hub/tools/plt-calculator.html
  - ./plt-seo-hub/case-studies/saas-plt-case-study.html
  - ./soul-chat-hub.html
  - ./plt-seo-army/content/plt-vs-okr-framework-comparison.html
  - ./plt-seo-army/content/how-to-implement-profit-love-tax.html
📦 Scanning products directory...
Found 0 product pages
📝 Scanning blog directory...
Blog directory not accessible
AI tools hub not accessible
💡 UNIVERSE EXPANSION IDEAS:
  - SEO Dashboard: Track all SEO page rankings
  - Product Sales Hub: Monitor all product revenue
  - Content Empire: Manage all blog/content
  - AI Tools Portal: Gateway to comparison empire
  - Revenue Streams: Visual map of all income sources
  - Soul Management: Control all deployed agents
  - Freedom Metrics: Track cost liberation progress
  - Automation Hub: Manage all automated systems
📊 Updating dashboard with universe status...
[Sun May 10 03:42:34 UTC 2026] ✅ Universe scan complete - next scan in 15 minutes
[Sun May 10 03:57:34 UTC 2026] 🏗️ DEERG BOT UNIVERSE SCAN
🔍 Scanning for new content needing windows...
📄 Found pages needing windows:
  - ./plt-seo-hub/guides/plt-faq.html
  - ./plt-seo-hub/core/plt-framework-complete-guide.html
  - ./plt-seo-hub/core/what-is-profit-love-tax.html
  - ./plt-seo-hub/comparisons/plt-vs-lean-startup.html
  - ./plt-seo-hub/industry/plt-for-startups.html
  - ./plt-seo-hub/tools/plt-calculator.html
  - ./plt-seo-hub/case-studies/saas-plt-case-study.html
  - ./soul-chat-hub.html
  - ./plt-seo-army/content/plt-vs-okr-framework-comparison.html
  - ./plt-seo-army/content/how-to-implement-profit-love-tax.html
📦 Scanning products directory...
Found 0 product pages
📝 Scanning blog directory...
Blog directory not accessible
AI tools hub not accessible
💡 UNIVERSE EXPANSION IDEAS:
  - SEO Dashboard: Track all SEO page rankings
  - Product Sales Hub: Monitor all product revenue
  - Content Empire: Manage all blog/content
  - AI Tools Portal: Gateway to comparison empire
  - Revenue Streams: Visual map of all income sources
  - Soul Management: Control all deployed agents
  - Freedom Metrics: Track cost liberation progress
  - Automation Hub: Manage all automated systems
📊 Updating dashboard with universe status...
[Sun May 10 03:57:34 UTC 2026] ✅ Universe scan complete - next scan in 15 minutes
[Sun May 10 04:12:34 UTC 2026] 🏗️ DEERG BOT UNIVERSE SCAN
🔍 Scanning for new content needing windows...
📄 Found pages needing windows:
  - ./plt-seo-hub/guides/plt-faq.html
  - ./plt-seo-hub/core/plt-framework-complete-guide.html
  - ./plt-seo-hub/core/what-is-profit-love-tax.html
  - ./plt-seo-hub/comparisons/plt-vs-lean-startup.html
  - ./plt-seo-hub/industry/plt-for-startups.html
  - ./plt-seo-hub/tools/plt-calculator.html
  - ./plt-seo-hub/case-studies/saas-plt-case-study.html
  - ./soul-chat-hub.html
  - ./plt-seo-army/content/plt-vs-okr-framework-comparison.html
  - ./plt-seo-army/content/how-to-implement-profit-love-tax.html
📦 Scanning products directory...
Found 0 product pages
📝 Scanning blog directory...
Blog directory not accessible
AI tools hub not accessible
💡 UNIVERSE EXPANSION IDEAS:
  - SEO Dashboard: Track all SEO page rankings
  - Product Sales Hub: Monitor all product revenue
  - Content Empire: Manage all blog/content
  - AI Tools Portal: Gateway to comparison empire
  - Revenue Streams: Visual map of all income sources
  - Soul Management: Control all deployed agents
  - Freedom Metrics: Track cost liberation progress
  - Automation Hub: Manage all automated systems
📊 Updating dashboard with universe status...
[Sun May 10 04:12:34 UTC 2026] ✅ Universe scan complete - next scan in 15 minutes
