[Sun Mar 15 06:43:36 CDT 2026] 👨‍⚕️ DR. BUHT BUHT ANALYSIS CYCLE
🔬 Analyzing ecosystem components...
📊 Applying PLT Framework Analysis...
📋 Updating PLT analysis dashboard...
👨‍⚕️ PLT Analysis complete - Score: 205
📊 PLT ANALYSIS RESULTS:
  Profit Score: 146 ( +Products(4): Revenue streams active.  +Content(43 pages): SEO traffic potential. )
  Love Score: 113 ( +Dashboard: Central user experience.  +Accessibility(43 windows): Multiple entry points.  +Free AI: Zero cost for users. )
  Tax Score: 54 ( +API Dependency: Still using paid APIs.  +Manual Labor: Requires human intervention.  +Complexity(4): More pages = more maintenance. )
  FINAL PLT SCORE: 205
  Diagnosis: 💚 EXCELLENT HEALTH - Ecosystem thriving
  Recommendations: Keep building. Consider expanding to new markets.
[Sun Mar 15 06:43:37 CDT 2026] ✅ Dr. Buht Buht analysis complete - next analysis in 30 minutes
[Sun Mar 15 06:52:10 CDT 2026] 👨‍⚕️ DR. BUHT BUHT ANALYSIS CYCLE
🔬 Analyzing ecosystem components...
📊 Applying PLT Framework Analysis...
📋 Updating PLT analysis dashboard...
👨‍⚕️ PLT Analysis complete - Score: 291
📊 PLT ANALYSIS RESULTS:
  Profit Score: 200 ( +Products(4): Revenue streams active.  +Content(45 pages): SEO traffic potential.  +Autonomous: Self-building reduces labor costs. )
  Love Score: 115 ( +Dashboard: Central user experience.  +Accessibility(45 windows): Multiple entry points.  +Free AI: Zero cost for users. )
  Tax Score: 24 ( +API Dependency: Still using paid APIs.  +Complexity(4): More pages = more maintenance. )
  FINAL PLT SCORE: 291
  Diagnosis: 💚 EXCELLENT HEALTH - Ecosystem thriving
  Recommendations: Keep building. Consider expanding to new markets.
[Sun Mar 15 06:52:12 CDT 2026] ✅ Dr. Buht Buht analysis complete - next analysis in 30 minutes
