[Sun Mar 15 06:50:12 CDT 2026] 🤖💬 INTER-BOT COORDINATION CYCLE
📡 Checking bot status for coordination...
🧠 Using local AI to generate coordination tasks...
💡 AI Generated coordination tasks: Coordinate content builds with universe expansion
📨 Facilitating bot communication...
🔄 Coordinating bot activities...
💬 Generating bot conversation using local AI...
[main f0c9a63] Inter-bot: Coordination cycle complete
 1 file changed, 33 insertions(+), 1 deletion(-)
To https://github.com/uncommonpope-png/plt-press.git
   5b85898..f0c9a63  main -> main
[Sun Mar 15 06:50:48 CDT 2026] ✅ Inter-bot coordination complete - next cycle in 2 minutes
[Sun Mar 15 06:52:10 CDT 2026] 🤖💬 INTER-BOT COORDINATION CYCLE
📡 Checking bot status for coordination...
📨 Facilitating bot communication...
🔄 Coordinating bot activities...
[main 29a993c] Inter-bot: Coordination cycle complete
 1 file changed, 24 insertions(+), 24 deletions(-)
To https://github.com/uncommonpope-png/plt-press.git
   7423dcb..29a993c  main -> main
[Sun Mar 15 06:52:13 CDT 2026] ✅ Inter-bot coordination complete - next cycle in 2 minutes
