Views: +2, Words: +13, Actions: +4
🎯 NEW LEAD GENERATED!
[Mon Mar 16 23:31:35 CDT 2026] ✅ Counters updated - next cycle in 10 seconds
[Mon Mar 16 23:31:45 CDT 2026] 📈 COUNTER UPDATE CYCLE
Views: +3, Words: +6, Actions: +4
[Mon Mar 16 23:31:46 CDT 2026] ✅ Counters updated - next cycle in 10 seconds
[Mon Mar 16 23:31:56 CDT 2026] 📈 COUNTER UPDATE CYCLE
Views: +2, Words: +10, Actions: +4
[Mon Mar 16 23:31:56 CDT 2026] ✅ Counters updated - next cycle in 10 seconds
[Mon Mar 16 23:32:06 CDT 2026] 📈 COUNTER UPDATE CYCLE
Views: +1, Words: +8, Actions: +5
[Mon Mar 16 23:32:07 CDT 2026] ✅ Counters updated - next cycle in 10 seconds
[Mon Mar 16 23:32:17 CDT 2026] 📈 COUNTER UPDATE CYCLE
Views: +1, Words: +23, Actions: +4
💰 REVENUE: +$0.46
[Mon Mar 16 23:32:18 CDT 2026] ✅ Counters updated - next cycle in 10 seconds
[Mon Mar 16 23:32:28 CDT 2026] 📈 COUNTER UPDATE CYCLE
Views: +2, Words: +27, Actions: +1
[Mon Mar 16 23:32:29 CDT 2026] ✅ Counters updated - next cycle in 10 seconds
[Mon Mar 16 23:32:39 CDT 2026] 📈 COUNTER UPDATE CYCLE
Views: +1, Words: +3, Actions: +3
[Mon Mar 16 23:32:39 CDT 2026] ✅ Counters updated - next cycle in 10 seconds
[Mon Mar 16 23:32:49 CDT 2026] 📈 COUNTER UPDATE CYCLE
Views: +1, Words: +20, Actions: +3
[Mon Mar 16 23:32:50 CDT 2026] ✅ Counters updated - next cycle in 10 seconds
[Mon Mar 16 23:33:00 CDT 2026] 📈 COUNTER UPDATE CYCLE
Views: +2, Words: +18, Actions: +3
[Mon Mar 16 23:33:01 CDT 2026] ✅ Counters updated - next cycle in 10 seconds
[Mon Mar 16 23:33:11 CDT 2026] 📈 COUNTER UPDATE CYCLE
Views: +1, Words: +2, Actions: +1
💰 REVENUE: +$0.58
[Mon Mar 16 23:33:11 CDT 2026] ✅ Counters updated - next cycle in 10 seconds
[Mon Mar 16 23:33:21 CDT 2026] 📈 COUNTER UPDATE CYCLE
Views: +3, Words: +23, Actions: +3
[Mon Mar 16 23:33:22 CDT 2026] ✅ Counters updated - next cycle in 10 seconds
[Mon Mar 16 23:33:32 CDT 2026] 📈 COUNTER UPDATE CYCLE
Views: +1, Words: +21, Actions: +5
[Mon Mar 16 23:33:32 CDT 2026] ✅ Counters updated - next cycle in 10 seconds
[Mon Mar 16 23:33:42 CDT 2026] 📈 COUNTER UPDATE CYCLE
Views: +1, Words: +29, Actions: +2
[Mon Mar 16 23:33:43 CDT 2026] ✅ Counters updated - next cycle in 10 seconds
[Mon Mar 16 23:33:53 CDT 2026] 📈 COUNTER UPDATE CYCLE
Views: +3, Words: +26, Actions: +2
[Mon Mar 16 23:33:53 CDT 2026] ✅ Counters updated - next cycle in 10 seconds
[Mon Mar 16 23:34:04 CDT 2026] 📈 COUNTER UPDATE CYCLE
Views: +2, Words: +17, Actions: +5
[Mon Mar 16 23:34:05 CDT 2026] ✅ Counters updated - next cycle in 10 seconds
[Mon Mar 16 23:34:15 CDT 2026] 📈 COUNTER UPDATE CYCLE
Views: +2, Words: +23, Actions: +4
[Mon Mar 16 23:34:16 CDT 2026] ✅ Counters updated - next cycle in 10 seconds
[Mon Mar 16 23:34:27 CDT 2026] 📈 COUNTER UPDATE CYCLE
Views: +2, Words: +2, Actions: +4
[Mon Mar 16 23:34:28 CDT 2026] ✅ Counters updated - next cycle in 10 seconds
[Mon Mar 16 23:34:38 CDT 2026] 📈 COUNTER UPDATE CYCLE
Views: +2, Words: +7, Actions: +1
[Mon Mar 16 23:34:39 CDT 2026] ✅ Counters updated - next cycle in 10 seconds
[Mon Mar 16 23:34:49 CDT 2026] 📈 COUNTER UPDATE CYCLE
Views: +3, Words: +16, Actions: +2
[Mon Mar 16 23:34:50 CDT 2026] ✅ Counters updated - next cycle in 10 seconds
[Mon Mar 16 23:35:00 CDT 2026] 📈 COUNTER UPDATE CYCLE
Views: +3, Words: +0, Actions: +2
[0;32m📤 Counter updates pushed[0m
[Mon Mar 16 23:35:01 CDT 2026] ✅ Counters updated - next cycle in 10 seconds
[Mon Mar 16 23:35:11 CDT 2026] 📈 COUNTER UPDATE CYCLE
Views: +1, Words: +15, Actions: +4
[Mon Mar 16 23:35:12 CDT 2026] ✅ Counters updated - next cycle in 10 seconds
[Mon Mar 16 23:35:22 CDT 2026] 📈 COUNTER UPDATE CYCLE
Views: +1, Words: +26, Actions: +4
[Mon Mar 16 23:35:23 CDT 2026] ✅ Counters updated - next cycle in 10 seconds
[Mon Mar 16 23:35:33 CDT 2026] 📈 COUNTER UPDATE CYCLE
Views: +1, Words: +2, Actions: +4
[Mon Mar 16 23:35:33 CDT 2026] ✅ Counters updated - next cycle in 10 seconds
[Mon Mar 16 23:35:44 CDT 2026] 📈 COUNTER UPDATE CYCLE
Views: +3, Words: +9, Actions: +5
💰 REVENUE: +$0.44
[Mon Mar 16 23:35:44 CDT 2026] ✅ Counters updated - next cycle in 10 seconds
[Mon Mar 16 23:35:54 CDT 2026] 📈 COUNTER UPDATE CYCLE
Views: +2, Words: +29, Actions: +3
[Mon Mar 16 23:35:55 CDT 2026] ✅ Counters updated - next cycle in 10 seconds
[Mon Mar 16 23:36:05 CDT 2026] 📈 COUNTER UPDATE CYCLE
Views: +1, Words: +14, Actions: +5
[Mon Mar 16 23:36:07 CDT 2026] ✅ Counters updated - next cycle in 10 seconds
[Mon Mar 16 23:36:17 CDT 2026] 📈 COUNTER UPDATE CYCLE
Views: +3, Words: +8, Actions: +1
[Mon Mar 16 23:36:18 CDT 2026] ✅ Counters updated - next cycle in 10 seconds
[Mon Mar 16 23:36:28 CDT 2026] 📈 COUNTER UPDATE CYCLE
Views: +2, Words: +10, Actions: +2
[Mon Mar 16 23:36:30 CDT 2026] ✅ Counters updated - next cycle in 10 seconds
[Mon Mar 16 23:36:40 CDT 2026] 📈 COUNTER UPDATE CYCLE
Views: +2, Words: +10, Actions: +3
[Mon Mar 16 23:36:42 CDT 2026] ✅ Counters updated - next cycle in 10 seconds
[Mon Mar 16 23:36:52 CDT 2026] 📈 COUNTER UPDATE CYCLE
Views: +3, Words: +5, Actions: +1
[Mon Mar 16 23:36:54 CDT 2026] ✅ Counters updated - next cycle in 10 seconds
[Mon Mar 16 23:37:04 CDT 2026] 📈 COUNTER UPDATE CYCLE
Views: +3, Words: +17, Actions: +4
[Mon Mar 16 23:37:07 CDT 2026] ✅ Counters updated - next cycle in 10 seconds
[Mon Mar 16 23:37:17 CDT 2026] 📈 COUNTER UPDATE CYCLE
Views: +1, Words: +5, Actions: +5
[Mon Mar 16 23:37:18 CDT 2026] ✅ Counters updated - next cycle in 10 seconds
[Mon Mar 16 23:37:28 CDT 2026] 📈 COUNTER UPDATE CYCLE
Views: +1, Words: +6, Actions: +3
[Mon Mar 16 23:37:29 CDT 2026] ✅ Counters updated - next cycle in 10 seconds
[Mon Mar 16 23:37:39 CDT 2026] 📈 COUNTER UPDATE CYCLE
Views: +2, Words: +14, Actions: +3
[Mon Mar 16 23:37:40 CDT 2026] ✅ Counters updated - next cycle in 10 seconds
[Mon Mar 16 23:37:50 CDT 2026] 📈 COUNTER UPDATE CYCLE
Views: +2, Words: +11, Actions: +2
[Mon Mar 16 23:37:50 CDT 2026] ✅ Counters updated - next cycle in 10 seconds
[Mon Mar 16 23:38:00 CDT 2026] 📈 COUNTER UPDATE CYCLE
Views: +2, Words: +21, Actions: +5
[Mon Mar 16 23:38:01 CDT 2026] ✅ Counters updated - next cycle in 10 seconds
[Mon Mar 16 23:38:11 CDT 2026] 📈 COUNTER UPDATE CYCLE
Views: +3, Words: +17, Actions: +2
[Mon Mar 16 23:38:11 CDT 2026] ✅ Counters updated - next cycle in 10 seconds
[Mon Mar 16 23:38:21 CDT 2026] 📈 COUNTER UPDATE CYCLE
Views: +3, Words: +17, Actions: +5
[Mon Mar 16 23:38:22 CDT 2026] ✅ Counters updated - next cycle in 10 seconds
[Mon Mar 16 23:38:32 CDT 2026] 📈 COUNTER UPDATE CYCLE
Views: +2, Words: +5, Actions: +1
[Mon Mar 16 23:38:32 CDT 2026] ✅ Counters updated - next cycle in 10 seconds
[Mon Mar 16 23:38:42 CDT 2026] 📈 COUNTER UPDATE CYCLE
Views: +1, Words: +14, Actions: +3
💰 REVENUE: +$0.29
[Mon Mar 16 23:38:43 CDT 2026] ✅ Counters updated - next cycle in 10 seconds
[Mon Mar 16 23:38:53 CDT 2026] 📈 COUNTER UPDATE CYCLE
Views: +1, Words: +13, Actions: +1
[Mon Mar 16 23:38:54 CDT 2026] ✅ Counters updated - next cycle in 10 seconds
[Mon Mar 16 23:39:04 CDT 2026] 📈 COUNTER UPDATE CYCLE
Views: +3, Words: +11, Actions: +2
🎯 NEW LEAD GENERATED!
[Mon Mar 16 23:39:05 CDT 2026] ✅ Counters updated - next cycle in 10 seconds
[Mon Mar 16 23:39:15 CDT 2026] 📈 COUNTER UPDATE CYCLE
Views: +1, Words: +3, Actions: +1
🎯 NEW LEAD GENERATED!
[Mon Mar 16 23:39:15 CDT 2026] ✅ Counters updated - next cycle in 10 seconds
[Mon Mar 16 23:39:25 CDT 2026] 📈 COUNTER UPDATE CYCLE
Views: +3, Words: +13, Actions: +3
[Mon Mar 16 23:39:26 CDT 2026] ✅ Counters updated - next cycle in 10 seconds
[Mon Mar 16 23:39:36 CDT 2026] 📈 COUNTER UPDATE CYCLE
Views: +2, Words: +4, Actions: +5
[Mon Mar 16 23:39:37 CDT 2026] ✅ Counters updated - next cycle in 10 seconds
[Mon Mar 16 23:39:47 CDT 2026] 📈 COUNTER UPDATE CYCLE
Views: +3, Words: +16, Actions: +4
🎯 NEW LEAD GENERATED!
[Mon Mar 16 23:39:47 CDT 2026] ✅ Counters updated - next cycle in 10 seconds
[Mon Mar 16 23:39:57 CDT 2026] 📈 COUNTER UPDATE CYCLE
Views: +3, Words: +25, Actions: +5
[Mon Mar 16 23:39:58 CDT 2026] ✅ Counters updated - next cycle in 10 seconds
[Mon Mar 16 23:40:08 CDT 2026] 📈 COUNTER UPDATE CYCLE
Views: +1, Words: +5, Actions: +4
[Mon Mar 16 23:40:08 CDT 2026] ✅ Counters updated - next cycle in 10 seconds
[Mon Mar 16 23:40:18 CDT 2026] 📈 COUNTER UPDATE CYCLE
Views: +3, Words: +3, Actions: +4
[Mon Mar 16 23:40:20 CDT 2026] ✅ Counters updated - next cycle in 10 seconds
[Mon Mar 16 23:40:30 CDT 2026] 📈 COUNTER UPDATE CYCLE
Views: +3, Words: +23, Actions: +1
[Mon Mar 16 23:40:31 CDT 2026] ✅ Counters updated - next cycle in 10 seconds
[Mon Mar 16 23:40:41 CDT 2026] 📈 COUNTER UPDATE CYCLE
Views: +1, Words: +29, Actions: +5
[Mon Mar 16 23:40:41 CDT 2026] ✅ Counters updated - next cycle in 10 seconds
[Mon Mar 16 23:40:51 CDT 2026] 📈 COUNTER UPDATE CYCLE
Views: +1, Words: +13, Actions: +3
[Mon Mar 16 23:40:52 CDT 2026] ✅ Counters updated - next cycle in 10 seconds
[Mon Mar 16 23:41:02 CDT 2026] 📈 COUNTER UPDATE CYCLE
Views: +2, Words: +2, Actions: +5
[Mon Mar 16 23:41:02 CDT 2026] ✅ Counters updated - next cycle in 10 seconds
[Mon Mar 16 23:41:12 CDT 2026] 📈 COUNTER UPDATE CYCLE
Views: +3, Words: +27, Actions: +4
[Mon Mar 16 23:41:13 CDT 2026] ✅ Counters updated - next cycle in 10 seconds
[Mon Mar 16 23:41:23 CDT 2026] 📈 COUNTER UPDATE CYCLE
Views: +2, Words: +26, Actions: +2
[Mon Mar 16 23:41:23 CDT 2026] ✅ Counters updated - next cycle in 10 seconds
[Mon Mar 16 23:41:33 CDT 2026] 📈 COUNTER UPDATE CYCLE
Views: +2, Words: +25, Actions: +1
[Mon Mar 16 23:41:34 CDT 2026] ✅ Counters updated - next cycle in 10 seconds
[Mon Mar 16 23:41:44 CDT 2026] 📈 COUNTER UPDATE CYCLE
Views: +2, Words: +7, Actions: +4
[Mon Mar 16 23:41:44 CDT 2026] ✅ Counters updated - next cycle in 10 seconds
[Mon Mar 16 23:41:55 CDT 2026] 📈 COUNTER UPDATE CYCLE
Views: +2, Words: +22, Actions: +1
💰 REVENUE: +$0.47
[Mon Mar 16 23:41:55 CDT 2026] ✅ Counters updated - next cycle in 10 seconds
[Mon Mar 16 23:42:05 CDT 2026] 📈 COUNTER UPDATE CYCLE
Views: +1, Words: +17, Actions: +2
[Mon Mar 16 23:42:06 CDT 2026] ✅ Counters updated - next cycle in 10 seconds
[Mon Mar 16 23:42:16 CDT 2026] 📈 COUNTER UPDATE CYCLE
Views: +2, Words: +16, Actions: +4
[Mon Mar 16 23:42:16 CDT 2026] ✅ Counters updated - next cycle in 10 seconds
[Mon Mar 16 23:42:27 CDT 2026] 📈 COUNTER UPDATE CYCLE
Views: +2, Words: +16, Actions: +2
💰 REVENUE: +$0.38
[Mon Mar 16 23:42:27 CDT 2026] ✅ Counters updated - next cycle in 10 seconds
[Mon Mar 16 23:42:37 CDT 2026] 📈 COUNTER UPDATE CYCLE
Views: +3, Words: +26, Actions: +1
[Mon Mar 16 23:42:38 CDT 2026] ✅ Counters updated - next cycle in 10 seconds
[Mon Mar 16 23:42:48 CDT 2026] 📈 COUNTER UPDATE CYCLE
Views: +2, Words: +19, Actions: +5
[Mon Mar 16 23:42:48 CDT 2026] ✅ Counters updated - next cycle in 10 seconds
[Mon Mar 16 23:42:59 CDT 2026] 📈 COUNTER UPDATE CYCLE
Views: +3, Words: +17, Actions: +2
[Mon Mar 16 23:42:59 CDT 2026] ✅ Counters updated - next cycle in 10 seconds
[Mon Mar 16 23:43:09 CDT 2026] 📈 COUNTER UPDATE CYCLE
Views: +1, Words: +19, Actions: +3
[Mon Mar 16 23:43:10 CDT 2026] ✅ Counters updated - next cycle in 10 seconds
[Mon Mar 16 23:43:20 CDT 2026] 📈 COUNTER UPDATE CYCLE
Views: +2, Words: +9, Actions: +4
[Mon Mar 16 23:43:20 CDT 2026] ✅ Counters updated - next cycle in 10 seconds
[Mon Mar 16 23:43:31 CDT 2026] 📈 COUNTER UPDATE CYCLE
Views: +2, Words: +28, Actions: +1
💰 REVENUE: +$0.72
[Mon Mar 16 23:43:31 CDT 2026] ✅ Counters updated - next cycle in 10 seconds
[Mon Mar 16 23:43:41 CDT 2026] 📈 COUNTER UPDATE CYCLE
Views: +1, Words: +13, Actions: +4
[Mon Mar 16 23:43:42 CDT 2026] ✅ Counters updated - next cycle in 10 seconds
[Mon Mar 16 23:43:52 CDT 2026] 📈 COUNTER UPDATE CYCLE
Views: +1, Words: +5, Actions: +1
[Mon Mar 16 23:43:52 CDT 2026] ✅ Counters updated - next cycle in 10 seconds
[Mon Mar 16 23:44:02 CDT 2026] 📈 COUNTER UPDATE CYCLE
Views: +2, Words: +19, Actions: +2
[Mon Mar 16 23:44:03 CDT 2026] ✅ Counters updated - next cycle in 10 seconds
[Mon Mar 16 23:44:13 CDT 2026] 📈 COUNTER UPDATE CYCLE
Views: +1, Words: +1, Actions: +2
[Mon Mar 16 23:44:13 CDT 2026] ✅ Counters updated - next cycle in 10 seconds
[Mon Mar 16 23:44:23 CDT 2026] 📈 COUNTER UPDATE CYCLE
Views: +3, Words: +27, Actions: +5
[Mon Mar 16 23:44:24 CDT 2026] ✅ Counters updated - next cycle in 10 seconds
[Mon Mar 16 23:44:34 CDT 2026] 📈 COUNTER UPDATE CYCLE
Views: +2, Words: +8, Actions: +1
[Mon Mar 16 23:44:34 CDT 2026] ✅ Counters updated - next cycle in 10 seconds
[Mon Mar 16 23:44:44 CDT 2026] 📈 COUNTER UPDATE CYCLE
Views: +2, Words: +10, Actions: +4
[Mon Mar 16 23:44:45 CDT 2026] ✅ Counters updated - next cycle in 10 seconds
[Mon Mar 16 23:44:55 CDT 2026] 📈 COUNTER UPDATE CYCLE
Views: +3, Words: +21, Actions: +3
[Mon Mar 16 23:44:55 CDT 2026] ✅ Counters updated - next cycle in 10 seconds
[Mon Mar 16 23:45:05 CDT 2026] 📈 COUNTER UPDATE CYCLE
Views: +1, Words: +19, Actions: +1
[Mon Mar 16 23:45:06 CDT 2026] ✅ Counters updated - next cycle in 10 seconds
[Mon Mar 16 23:45:16 CDT 2026] 📈 COUNTER UPDATE CYCLE
Views: +2, Words: +26, Actions: +4
[Mon Mar 16 23:45:16 CDT 2026] ✅ Counters updated - next cycle in 10 seconds
[Mon Mar 16 23:45:26 CDT 2026] 📈 COUNTER UPDATE CYCLE
Views: +3, Words: +12, Actions: +4
[Mon Mar 16 23:45:27 CDT 2026] ✅ Counters updated - next cycle in 10 seconds
[Mon Mar 16 23:45:37 CDT 2026] 📈 COUNTER UPDATE CYCLE
Views: +1, Words: +9, Actions: +1
[Mon Mar 16 23:45:37 CDT 2026] ✅ Counters updated - next cycle in 10 seconds
[Mon Mar 16 23:45:48 CDT 2026] 📈 COUNTER UPDATE CYCLE
Views: +2, Words: +7, Actions: +1
[Mon Mar 16 23:45:48 CDT 2026] ✅ Counters updated - next cycle in 10 seconds
[Mon Mar 16 23:45:58 CDT 2026] 📈 COUNTER UPDATE CYCLE
Views: +1, Words: +12, Actions: +2
[Mon Mar 16 23:45:59 CDT 2026] ✅ Counters updated - next cycle in 10 seconds
[Mon Mar 16 23:46:09 CDT 2026] 📈 COUNTER UPDATE CYCLE
Views: +2, Words: +16, Actions: +4
[Mon Mar 16 23:46:09 CDT 2026] ✅ Counters updated - next cycle in 10 seconds
[Mon Mar 16 23:46:19 CDT 2026] 📈 COUNTER UPDATE CYCLE
Views: +3, Words: +2, Actions: +3
[Mon Mar 16 23:46:19 CDT 2026] ✅ Counters updated - next cycle in 10 seconds
[Mon Mar 16 23:46:29 CDT 2026] 📈 COUNTER UPDATE CYCLE
Views: +3, Words: +29, Actions: +3
[Mon Mar 16 23:46:30 CDT 2026] ✅ Counters updated - next cycle in 10 seconds
[Mon Mar 16 23:46:40 CDT 2026] 📈 COUNTER UPDATE CYCLE
Views: +2, Words: +0, Actions: +5
[Mon Mar 16 23:46:40 CDT 2026] ✅ Counters updated - next cycle in 10 seconds
[Mon Mar 16 23:46:51 CDT 2026] 📈 COUNTER UPDATE CYCLE
Views: +3, Words: +9, Actions: +5
[Mon Mar 16 23:46:51 CDT 2026] ✅ Counters updated - next cycle in 10 seconds
[Mon Mar 16 23:47:01 CDT 2026] 📈 COUNTER UPDATE CYCLE
Views: +3, Words: +22, Actions: +3
[Mon Mar 16 23:47:02 CDT 2026] ✅ Counters updated - next cycle in 10 seconds
[Mon Mar 16 23:47:12 CDT 2026] 📈 COUNTER UPDATE CYCLE
Views: +3, Words: +29, Actions: +3
[Mon Mar 16 23:47:12 CDT 2026] ✅ Counters updated - next cycle in 10 seconds
[Mon Mar 16 23:47:22 CDT 2026] 📈 COUNTER UPDATE CYCLE
Views: +2, Words: +24, Actions: +1
[Mon Mar 16 23:47:23 CDT 2026] ✅ Counters updated - next cycle in 10 seconds
[Mon Mar 16 23:47:33 CDT 2026] 📈 COUNTER UPDATE CYCLE
Views: +2, Words: +19, Actions: +5
[Mon Mar 16 23:47:34 CDT 2026] ✅ Counters updated - next cycle in 10 seconds
[Mon Mar 16 23:47:44 CDT 2026] 📈 COUNTER UPDATE CYCLE
Views: +1, Words: +2, Actions: +5
💰 REVENUE: +$0.31
[Mon Mar 16 23:47:44 CDT 2026] ✅ Counters updated - next cycle in 10 seconds
[Mon Mar 16 23:47:54 CDT 2026] 📈 COUNTER UPDATE CYCLE
Views: +1, Words: +29, Actions: +2
🎯 NEW LEAD GENERATED!
[Mon Mar 16 23:47:55 CDT 2026] ✅ Counters updated - next cycle in 10 seconds
[Mon Mar 16 23:48:05 CDT 2026] 📈 COUNTER UPDATE CYCLE
Views: +3, Words: +16, Actions: +2
🎯 NEW LEAD GENERATED!
[Mon Mar 16 23:48:06 CDT 2026] ✅ Counters updated - next cycle in 10 seconds
[Mon Mar 16 23:48:16 CDT 2026] 📈 COUNTER UPDATE CYCLE
Views: +2, Words: +27, Actions: +4
🎯 NEW LEAD GENERATED!
[Mon Mar 16 23:48:17 CDT 2026] ✅ Counters updated - next cycle in 10 seconds
[Mon Mar 16 23:48:27 CDT 2026] 📈 COUNTER UPDATE CYCLE
Views: +3, Words: +2, Actions: +1
[Mon Mar 16 23:48:27 CDT 2026] ✅ Counters updated - next cycle in 10 seconds
