[Mon Mar 16 23:21:09 CDT 2026] [0;35m⚡ LIVE UPDATE PULSE[0m
./live-updater.sh: line 57: bc: command not found
[0;36m📊 Scanning ecosystem for changes...[0m
[0;34m📡 Updating live dashboard data...[0m
[Mon Mar 16 23:21:12 CDT 2026] [1;37m✅ Pulse complete - next heartbeat in 30s[0m
[Mon Mar 16 23:21:42 CDT 2026] [0;35m⚡ LIVE UPDATE PULSE[0m
./live-updater.sh: line 57: bc: command not found
[0;36m📊 Scanning ecosystem for changes...[0m
[0;34m📡 Updating live dashboard data...[0m
[Mon Mar 16 23:21:44 CDT 2026] [1;37m✅ Pulse complete - next heartbeat in 30s[0m
[Mon Mar 16 23:22:15 CDT 2026] [0;35m⚡ LIVE UPDATE PULSE[0m
./live-updater.sh: line 57: bc: command not found
[0;36m📊 Scanning ecosystem for changes...[0m
[0;34m📡 Updating live dashboard data...[0m
[Mon Mar 16 23:22:18 CDT 2026] [1;37m✅ Pulse complete - next heartbeat in 30s[0m
[Mon Mar 16 23:22:48 CDT 2026] [0;35m⚡ LIVE UPDATE PULSE[0m
./live-updater.sh: line 57: bc: command not found
[0;36m📊 Scanning ecosystem for changes...[0m
[0;34m📡 Updating live dashboard data...[0m
[Mon Mar 16 23:22:51 CDT 2026] [1;37m✅ Pulse complete - next heartbeat in 30s[0m
[Mon Mar 16 23:23:21 CDT 2026] [0;35m⚡ LIVE UPDATE PULSE[0m
./live-updater.sh: line 57: bc: command not found
[0;36m📊 Scanning ecosystem for changes...[0m
[0;34m📡 Updating live dashboard data...[0m
[Mon Mar 16 23:23:24 CDT 2026] [1;37m✅ Pulse complete - next heartbeat in 30s[0m
[Mon Mar 16 23:23:54 CDT 2026] [0;35m⚡ LIVE UPDATE PULSE[0m
./live-updater.sh: line 57: bc: command not found
[0;36m📊 Scanning ecosystem for changes...[0m
[0;34m📡 Updating live dashboard data...[0m
[Mon Mar 16 23:23:57 CDT 2026] [1;37m✅ Pulse complete - next heartbeat in 30s[0m
[Mon Mar 16 23:24:27 CDT 2026] [0;35m⚡ LIVE UPDATE PULSE[0m
./live-updater.sh: line 57: bc: command not found
[0;36m📊 Scanning ecosystem for changes...[0m
[0;34m📡 Updating live dashboard data...[0m
[Mon Mar 16 23:24:29 CDT 2026] [1;37m✅ Pulse complete - next heartbeat in 30s[0m
[Mon Mar 16 23:24:59 CDT 2026] [0;35m⚡ LIVE UPDATE PULSE[0m
./live-updater.sh: line 57: bc: command not found
[0;36m📊 Scanning ecosystem for changes...[0m
[0;34m📡 Updating live dashboard data...[0m
[Mon Mar 16 23:25:02 CDT 2026] [1;37m✅ Pulse complete - next heartbeat in 30s[0m
[Mon Mar 16 23:25:32 CDT 2026] [0;35m⚡ LIVE UPDATE PULSE[0m
./live-updater.sh: line 57: bc: command not found
[0;36m📊 Scanning ecosystem for changes...[0m
[0;34m📡 Updating live dashboard data...[0m
[Mon Mar 16 23:25:35 CDT 2026] [1;37m✅ Pulse complete - next heartbeat in 30s[0m
[Mon Mar 16 23:26:05 CDT 2026] [0;35m⚡ LIVE UPDATE PULSE[0m
./live-updater.sh: line 57: bc: command not found
[0;36m📊 Scanning ecosystem for changes...[0m
[0;34m📡 Updating live dashboard data...[0m
[Mon Mar 16 23:26:07 CDT 2026] [1;37m✅ Pulse complete - next heartbeat in 30s[0m
[Mon Mar 16 23:26:37 CDT 2026] [0;35m⚡ LIVE UPDATE PULSE[0m
./live-updater.sh: line 57: bc: command not found
[0;36m📊 Scanning ecosystem for changes...[0m
[0;34m📡 Updating live dashboard data...[0m
[Mon Mar 16 23:26:40 CDT 2026] [1;37m✅ Pulse complete - next heartbeat in 30s[0m
[Mon Mar 16 23:27:10 CDT 2026] [0;35m⚡ LIVE UPDATE PULSE[0m
./live-updater.sh: line 57: bc: command not found
[0;36m📊 Scanning ecosystem for changes...[0m
[0;34m📡 Updating live dashboard data...[0m
[Mon Mar 16 23:27:19 CDT 2026] [1;37m✅ Pulse complete - next heartbeat in 30s[0m
[Mon Mar 16 23:27:50 CDT 2026] [0;35m⚡ LIVE UPDATE PULSE[0m
./live-updater.sh: line 57: bc: command not found
[0;36m📊 Scanning ecosystem for changes...[0m
[0;34m📡 Updating live dashboard data...[0m
[Mon Mar 16 23:27:53 CDT 2026] [1;37m✅ Pulse complete - next heartbeat in 30s[0m
[Mon Mar 16 23:28:23 CDT 2026] [0;35m⚡ LIVE UPDATE PULSE[0m
./live-updater.sh: line 57: bc: command not found
[0;36m📊 Scanning ecosystem for changes...[0m
[0;34m📡 Updating live dashboard data...[0m
[Mon Mar 16 23:28:27 CDT 2026] [1;37m✅ Pulse complete - next heartbeat in 30s[0m
[Mon Mar 16 23:28:57 CDT 2026] [0;35m⚡ LIVE UPDATE PULSE[0m
./live-updater.sh: line 57: bc: command not found
[0;36m📊 Scanning ecosystem for changes...[0m
[0;34m📡 Updating live dashboard data...[0m
[Mon Mar 16 23:29:00 CDT 2026] [1;37m✅ Pulse complete - next heartbeat in 30s[0m
[Mon Mar 16 23:29:30 CDT 2026] [0;35m⚡ LIVE UPDATE PULSE[0m
./live-updater.sh: line 57: bc: command not found
[0;36m📊 Scanning ecosystem for changes...[0m
[0;34m📡 Updating live dashboard data...[0m
[Mon Mar 16 23:29:34 CDT 2026] [1;37m✅ Pulse complete - next heartbeat in 30s[0m
[Mon Mar 16 23:30:04 CDT 2026] [0;35m⚡ LIVE UPDATE PULSE[0m
./live-updater.sh: line 57: bc: command not found
[0;36m📊 Scanning ecosystem for changes...[0m
[0;34m📡 Updating live dashboard data...[0m
[Mon Mar 16 23:30:07 CDT 2026] [1;37m✅ Pulse complete - next heartbeat in 30s[0m
[Mon Mar 16 23:30:38 CDT 2026] [0;35m⚡ LIVE UPDATE PULSE[0m
./live-updater.sh: line 57: bc: command not found
[0;36m📊 Scanning ecosystem for changes...[0m
[0;34m📡 Updating live dashboard data...[0m
[Mon Mar 16 23:30:41 CDT 2026] [1;37m✅ Pulse complete - next heartbeat in 30s[0m
[Mon Mar 16 23:31:11 CDT 2026] [0;35m⚡ LIVE UPDATE PULSE[0m
./live-updater.sh: line 57: bc: command not found
[0;36m📊 Scanning ecosystem for changes...[0m
[0;34m📡 Updating live dashboard data...[0m
[Mon Mar 16 23:31:15 CDT 2026] [1;37m✅ Pulse complete - next heartbeat in 30s[0m
[Mon Mar 16 23:31:45 CDT 2026] [0;35m⚡ LIVE UPDATE PULSE[0m
./live-updater.sh: line 57: bc: command not found
[0;36m📊 Scanning ecosystem for changes...[0m
[0;34m📡 Updating live dashboard data...[0m
[Mon Mar 16 23:31:49 CDT 2026] [1;37m✅ Pulse complete - next heartbeat in 30s[0m
[Mon Mar 16 23:32:19 CDT 2026] [0;35m⚡ LIVE UPDATE PULSE[0m
./live-updater.sh: line 57: bc: command not found
[0;36m📊 Scanning ecosystem for changes...[0m
[0;34m📡 Updating live dashboard data...[0m
[Mon Mar 16 23:32:22 CDT 2026] [1;37m✅ Pulse complete - next heartbeat in 30s[0m
[Mon Mar 16 23:32:52 CDT 2026] [0;35m⚡ LIVE UPDATE PULSE[0m
./live-updater.sh: line 57: bc: command not found
[0;36m📊 Scanning ecosystem for changes...[0m
[0;34m📡 Updating live dashboard data...[0m
[Mon Mar 16 23:32:55 CDT 2026] [1;37m✅ Pulse complete - next heartbeat in 30s[0m
[Mon Mar 16 23:33:25 CDT 2026] [0;35m⚡ LIVE UPDATE PULSE[0m
./live-updater.sh: line 57: bc: command not found
[0;36m📊 Scanning ecosystem for changes...[0m
[0;34m📡 Updating live dashboard data...[0m
[Mon Mar 16 23:33:28 CDT 2026] [1;37m✅ Pulse complete - next heartbeat in 30s[0m
[Mon Mar 16 23:33:58 CDT 2026] [0;35m⚡ LIVE UPDATE PULSE[0m
./live-updater.sh: line 57: bc: command not found
[0;36m📊 Scanning ecosystem for changes...[0m
[0;34m📡 Updating live dashboard data...[0m
[Mon Mar 16 23:34:02 CDT 2026] [1;37m✅ Pulse complete - next heartbeat in 30s[0m
[Mon Mar 16 23:34:32 CDT 2026] [0;35m⚡ LIVE UPDATE PULSE[0m
./live-updater.sh: line 57: bc: command not found
[0;36m📊 Scanning ecosystem for changes...[0m
[0;34m📡 Updating live dashboard data...[0m
[Mon Mar 16 23:34:38 CDT 2026] [1;37m✅ Pulse complete - next heartbeat in 30s[0m
[Mon Mar 16 23:35:09 CDT 2026] [0;35m⚡ LIVE UPDATE PULSE[0m
./live-updater.sh: line 57: bc: command not found
[0;36m📊 Scanning ecosystem for changes...[0m
[0;34m📡 Updating live dashboard data...[0m
[Mon Mar 16 23:35:12 CDT 2026] [1;37m✅ Pulse complete - next heartbeat in 30s[0m
[Mon Mar 16 23:35:42 CDT 2026] [0;35m⚡ LIVE UPDATE PULSE[0m
./live-updater.sh: line 57: bc: command not found
[0;36m📊 Scanning ecosystem for changes...[0m
[0;34m📡 Updating live dashboard data...[0m
[Mon Mar 16 23:35:44 CDT 2026] [1;37m✅ Pulse complete - next heartbeat in 30s[0m
[Mon Mar 16 23:36:15 CDT 2026] [0;35m⚡ LIVE UPDATE PULSE[0m
./live-updater.sh: line 57: bc: command not found
[0;36m📊 Scanning ecosystem for changes...[0m
[0;34m📡 Updating live dashboard data...[0m
[Mon Mar 16 23:36:22 CDT 2026] [1;37m✅ Pulse complete - next heartbeat in 30s[0m
[Mon Mar 16 23:36:52 CDT 2026] [0;35m⚡ LIVE UPDATE PULSE[0m
./live-updater.sh: line 57: bc: command not found
[0;36m📊 Scanning ecosystem for changes...[0m
[0;34m📡 Updating live dashboard data...[0m
[Mon Mar 16 23:37:01 CDT 2026] [1;37m✅ Pulse complete - next heartbeat in 30s[0m
[Mon Mar 16 23:37:31 CDT 2026] [0;35m⚡ LIVE UPDATE PULSE[0m
./live-updater.sh: line 57: bc: command not found
[0;36m📊 Scanning ecosystem for changes...[0m
[0;34m📡 Updating live dashboard data...[0m
[Mon Mar 16 23:37:35 CDT 2026] [1;37m✅ Pulse complete - next heartbeat in 30s[0m
[Mon Mar 16 23:38:05 CDT 2026] [0;35m⚡ LIVE UPDATE PULSE[0m
./live-updater.sh: line 57: bc: command not found
[0;36m📊 Scanning ecosystem for changes...[0m
[0;34m📡 Updating live dashboard data...[0m
[Mon Mar 16 23:38:08 CDT 2026] [1;37m✅ Pulse complete - next heartbeat in 30s[0m
[Mon Mar 16 23:38:38 CDT 2026] [0;35m⚡ LIVE UPDATE PULSE[0m
./live-updater.sh: line 57: bc: command not found
[0;36m📊 Scanning ecosystem for changes...[0m
[0;34m📡 Updating live dashboard data...[0m
[Mon Mar 16 23:38:41 CDT 2026] [1;37m✅ Pulse complete - next heartbeat in 30s[0m
[Mon Mar 16 23:39:12 CDT 2026] [0;35m⚡ LIVE UPDATE PULSE[0m
./live-updater.sh: line 57: bc: command not found
[0;36m📊 Scanning ecosystem for changes...[0m
[0;34m📡 Updating live dashboard data...[0m
[Mon Mar 16 23:39:14 CDT 2026] [1;37m✅ Pulse complete - next heartbeat in 30s[0m
[Mon Mar 16 23:39:44 CDT 2026] [0;35m⚡ LIVE UPDATE PULSE[0m
./live-updater.sh: line 57: bc: command not found
[0;36m📊 Scanning ecosystem for changes...[0m
[0;34m📡 Updating live dashboard data...[0m
[Mon Mar 16 23:39:46 CDT 2026] [1;37m✅ Pulse complete - next heartbeat in 30s[0m
[Mon Mar 16 23:40:16 CDT 2026] [0;35m⚡ LIVE UPDATE PULSE[0m
./live-updater.sh: line 57: bc: command not found
[0;36m📊 Scanning ecosystem for changes...[0m
[0;34m📡 Updating live dashboard data...[0m
[Mon Mar 16 23:40:19 CDT 2026] [1;37m✅ Pulse complete - next heartbeat in 30s[0m
[Mon Mar 16 23:40:49 CDT 2026] [0;35m⚡ LIVE UPDATE PULSE[0m
./live-updater.sh: line 57: bc: command not found
[0;36m📊 Scanning ecosystem for changes...[0m
[0;34m📡 Updating live dashboard data...[0m
[Mon Mar 16 23:40:51 CDT 2026] [1;37m✅ Pulse complete - next heartbeat in 30s[0m
[Mon Mar 16 23:41:22 CDT 2026] [0;35m⚡ LIVE UPDATE PULSE[0m
./live-updater.sh: line 57: bc: command not found
[0;36m📊 Scanning ecosystem for changes...[0m
[0;34m📡 Updating live dashboard data...[0m
[Mon Mar 16 23:41:23 CDT 2026] [1;37m✅ Pulse complete - next heartbeat in 30s[0m
[Mon Mar 16 23:41:54 CDT 2026] [0;35m⚡ LIVE UPDATE PULSE[0m
./live-updater.sh: line 57: bc: command not found
[0;36m📊 Scanning ecosystem for changes...[0m
[0;34m📡 Updating live dashboard data...[0m
[Mon Mar 16 23:41:56 CDT 2026] [1;37m✅ Pulse complete - next heartbeat in 30s[0m
[Mon Mar 16 23:42:26 CDT 2026] [0;35m⚡ LIVE UPDATE PULSE[0m
./live-updater.sh: line 57: bc: command not found
[0;36m📊 Scanning ecosystem for changes...[0m
[0;34m📡 Updating live dashboard data...[0m
[Mon Mar 16 23:42:29 CDT 2026] [1;37m✅ Pulse complete - next heartbeat in 30s[0m
[Mon Mar 16 23:42:59 CDT 2026] [0;35m⚡ LIVE UPDATE PULSE[0m
./live-updater.sh: line 57: bc: command not found
[0;36m📊 Scanning ecosystem for changes...[0m
[0;34m📡 Updating live dashboard data...[0m
[Mon Mar 16 23:43:03 CDT 2026] [1;37m✅ Pulse complete - next heartbeat in 30s[0m
[Mon Mar 16 23:43:33 CDT 2026] [0;35m⚡ LIVE UPDATE PULSE[0m
./live-updater.sh: line 57: bc: command not found
[0;36m📊 Scanning ecosystem for changes...[0m
[0;34m📡 Updating live dashboard data...[0m
[Mon Mar 16 23:43:36 CDT 2026] [1;37m✅ Pulse complete - next heartbeat in 30s[0m
[Mon Mar 16 23:44:06 CDT 2026] [0;35m⚡ LIVE UPDATE PULSE[0m
./live-updater.sh: line 57: bc: command not found
[0;36m📊 Scanning ecosystem for changes...[0m
[0;34m📡 Updating live dashboard data...[0m
[Mon Mar 16 23:44:09 CDT 2026] [1;37m✅ Pulse complete - next heartbeat in 30s[0m
[Mon Mar 16 23:44:39 CDT 2026] [0;35m⚡ LIVE UPDATE PULSE[0m
./live-updater.sh: line 57: bc: command not found
[0;36m📊 Scanning ecosystem for changes...[0m
[0;34m📡 Updating live dashboard data...[0m
[Mon Mar 16 23:44:41 CDT 2026] [1;37m✅ Pulse complete - next heartbeat in 30s[0m
[Mon Mar 16 23:45:12 CDT 2026] [0;35m⚡ LIVE UPDATE PULSE[0m
./live-updater.sh: line 57: bc: command not found
[0;36m📊 Scanning ecosystem for changes...[0m
[0;34m📡 Updating live dashboard data...[0m
[Mon Mar 16 23:45:13 CDT 2026] [1;37m✅ Pulse complete - next heartbeat in 30s[0m
[Mon Mar 16 23:45:43 CDT 2026] [0;35m⚡ LIVE UPDATE PULSE[0m
./live-updater.sh: line 57: bc: command not found
[0;36m📊 Scanning ecosystem for changes...[0m
[0;34m📡 Updating live dashboard data...[0m
[Mon Mar 16 23:45:47 CDT 2026] [1;37m✅ Pulse complete - next heartbeat in 30s[0m
[Mon Mar 16 23:46:17 CDT 2026] [0;35m⚡ LIVE UPDATE PULSE[0m
./live-updater.sh: line 57: bc: command not found
[0;36m📊 Scanning ecosystem for changes...[0m
[0;34m📡 Updating live dashboard data...[0m
[Mon Mar 16 23:46:19 CDT 2026] [1;37m✅ Pulse complete - next heartbeat in 30s[0m
[Mon Mar 16 23:46:49 CDT 2026] [0;35m⚡ LIVE UPDATE PULSE[0m
./live-updater.sh: line 57: bc: command not found
[0;36m📊 Scanning ecosystem for changes...[0m
[0;34m📡 Updating live dashboard data...[0m
[Mon Mar 16 23:46:52 CDT 2026] [1;37m✅ Pulse complete - next heartbeat in 30s[0m
[Mon Mar 16 23:47:22 CDT 2026] [0;35m⚡ LIVE UPDATE PULSE[0m
./live-updater.sh: line 57: bc: command not found
[0;36m📊 Scanning ecosystem for changes...[0m
[0;34m📡 Updating live dashboard data...[0m
[Mon Mar 16 23:47:25 CDT 2026] [1;37m✅ Pulse complete - next heartbeat in 30s[0m
[Mon Mar 16 23:47:55 CDT 2026] [0;35m⚡ LIVE UPDATE PULSE[0m
./live-updater.sh: line 57: bc: command not found
[0;36m📊 Scanning ecosystem for changes...[0m
[0;34m📡 Updating live dashboard data...[0m
[Mon Mar 16 23:47:58 CDT 2026] [1;37m✅ Pulse complete - next heartbeat in 30s[0m
[Mon Mar 16 23:48:28 CDT 2026] [0;35m⚡ LIVE UPDATE PULSE[0m
./live-updater.sh: line 57: bc: command not found
[0;36m📊 Scanning ecosystem for changes...[0m
[0;34m📡 Updating live dashboard data...[0m
[Mon Mar 16 23:48:30 CDT 2026] [1;37m✅ Pulse complete - next heartbeat in 30s[0m
