[Mon Mar 16 23:21:13 CDT 2026] 💓 SOUL MASTER HEARTBEAT #1
✅ live-updater: ALIVE
✅ live-link-updater: ALIVE
✅ live-counters: ALIVE
✅ live-notifications: ALIVE
📊 STATUS: 4/4 components alive
🖥️ SYSTEM: Load 15.13, RAM 75%
live-soul-master.sh: line 206: bc: command not found
[Mon Mar 16 23:21:13 CDT 2026] ✅ Soul Master cycle complete - next check in 60 seconds
[Mon Mar 16 23:22:13 CDT 2026] 💓 SOUL MASTER HEARTBEAT #2
✅ live-updater: ALIVE
✅ live-link-updater: ALIVE
✅ live-counters: ALIVE
✅ live-notifications: ALIVE
📊 STATUS: 4/4 components alive
🖥️ SYSTEM: Load 14.61, RAM 74%
live-soul-master.sh: line 206: bc: command not found
[Mon Mar 16 23:22:13 CDT 2026] ✅ Soul Master cycle complete - next check in 60 seconds
[Mon Mar 16 23:23:13 CDT 2026] 💓 SOUL MASTER HEARTBEAT #3
✅ live-updater: ALIVE
✅ live-link-updater: ALIVE
✅ live-counters: ALIVE
✅ live-notifications: ALIVE
📊 STATUS: 4/4 components alive
🖥️ SYSTEM: Load 16.33, RAM 60%
live-soul-master.sh: line 206: bc: command not found
[Mon Mar 16 23:23:14 CDT 2026] ✅ Soul Master cycle complete - next check in 60 seconds
[Mon Mar 16 23:24:14 CDT 2026] 💓 SOUL MASTER HEARTBEAT #4
✅ live-updater: ALIVE
✅ live-link-updater: ALIVE
✅ live-counters: ALIVE
✅ live-notifications: ALIVE
📊 STATUS: 4/4 components alive
🖥️ SYSTEM: Load 16.96, RAM 66%
live-soul-master.sh: line 206: bc: command not found
[Mon Mar 16 23:24:14 CDT 2026] ✅ Soul Master cycle complete - next check in 60 seconds
[Mon Mar 16 23:25:14 CDT 2026] 💓 SOUL MASTER HEARTBEAT #5
✅ live-updater: ALIVE
✅ live-link-updater: ALIVE
✅ live-counters: ALIVE
✅ live-notifications: ALIVE
📊 STATUS: 4/4 components alive
🖥️ SYSTEM: Load 15.12, RAM 66%
live-soul-master.sh: line 206: bc: command not found
[Mon Mar 16 23:25:14 CDT 2026] ✅ Soul Master cycle complete - next check in 60 seconds
[Mon Mar 16 23:26:14 CDT 2026] 💓 SOUL MASTER HEARTBEAT #6
✅ live-updater: ALIVE
✅ live-link-updater: ALIVE
✅ live-counters: ALIVE
✅ live-notifications: ALIVE
📊 STATUS: 4/4 components alive
🖥️ SYSTEM: Load 14.88, RAM 67%
live-soul-master.sh: line 206: bc: command not found
[Mon Mar 16 23:26:15 CDT 2026] ✅ Soul Master cycle complete - next check in 60 seconds
[Mon Mar 16 23:27:15 CDT 2026] 💓 SOUL MASTER HEARTBEAT #7
✅ live-updater: ALIVE
✅ live-link-updater: ALIVE
✅ live-counters: ALIVE
✅ live-notifications: ALIVE
📊 STATUS: 4/4 components alive
🖥️ SYSTEM: Load 17.92, RAM 75%
live-soul-master.sh: line 206: bc: command not found
[Mon Mar 16 23:27:15 CDT 2026] ✅ Soul Master cycle complete - next check in 60 seconds
[Mon Mar 16 23:28:16 CDT 2026] 💓 SOUL MASTER HEARTBEAT #8
✅ live-updater: ALIVE
✅ live-link-updater: ALIVE
✅ live-counters: ALIVE
✅ live-notifications: ALIVE
📊 STATUS: 4/4 components alive
🖥️ SYSTEM: Load 20.40, RAM 72%
live-soul-master.sh: line 206: bc: command not found
[Mon Mar 16 23:28:16 CDT 2026] ✅ Soul Master cycle complete - next check in 60 seconds
[Mon Mar 16 23:29:16 CDT 2026] 💓 SOUL MASTER HEARTBEAT #9
✅ live-updater: ALIVE
✅ live-link-updater: ALIVE
✅ live-counters: ALIVE
✅ live-notifications: ALIVE
📊 STATUS: 4/4 components alive
🖥️ SYSTEM: Load 17.37, RAM 70%
live-soul-master.sh: line 206: bc: command not found
[Mon Mar 16 23:29:16 CDT 2026] ✅ Soul Master cycle complete - next check in 60 seconds
[Mon Mar 16 23:30:16 CDT 2026] 💓 SOUL MASTER HEARTBEAT #10
✅ live-updater: ALIVE
✅ live-link-updater: ALIVE
✅ live-counters: ALIVE
✅ live-notifications: ALIVE
📊 STATUS: 4/4 components alive
🖥️ SYSTEM: Load 16.27, RAM 71%
live-soul-master.sh: line 206: bc: command not found
[Mon Mar 16 23:30:17 CDT 2026] ✅ Soul Master cycle complete - next check in 60 seconds
[Mon Mar 16 23:31:17 CDT 2026] 💓 SOUL MASTER HEARTBEAT #11
✅ live-updater: ALIVE
✅ live-link-updater: ALIVE
✅ live-counters: ALIVE
✅ live-notifications: ALIVE
📊 STATUS: 4/4 components alive
🖥️ SYSTEM: Load 15.47, RAM 71%
live-soul-master.sh: line 206: bc: command not found
[Mon Mar 16 23:31:17 CDT 2026] ✅ Soul Master cycle complete - next check in 60 seconds
[Mon Mar 16 23:32:17 CDT 2026] 💓 SOUL MASTER HEARTBEAT #12
✅ live-updater: ALIVE
✅ live-link-updater: ALIVE
✅ live-counters: ALIVE
✅ live-notifications: ALIVE
📊 STATUS: 4/4 components alive
🖥️ SYSTEM: Load 14.61, RAM 72%
live-soul-master.sh: line 206: bc: command not found
[Mon Mar 16 23:32:18 CDT 2026] ✅ Soul Master cycle complete - next check in 60 seconds
[Mon Mar 16 23:33:18 CDT 2026] 💓 SOUL MASTER HEARTBEAT #13
✅ live-updater: ALIVE
✅ live-link-updater: ALIVE
✅ live-counters: ALIVE
✅ live-notifications: ALIVE
📊 STATUS: 4/4 components alive
🖥️ SYSTEM: Load 18.73, RAM 68%
live-soul-master.sh: line 206: bc: command not found
[Mon Mar 16 23:33:18 CDT 2026] ✅ Soul Master cycle complete - next check in 60 seconds
[Mon Mar 16 23:34:18 CDT 2026] 💓 SOUL MASTER HEARTBEAT #14
✅ live-updater: ALIVE
✅ live-link-updater: ALIVE
✅ live-counters: ALIVE
✅ live-notifications: ALIVE
📊 STATUS: 4/4 components alive
🖥️ SYSTEM: Load 20.60, RAM 74%
live-soul-master.sh: line 206: bc: command not found
[Mon Mar 16 23:34:19 CDT 2026] ✅ Soul Master cycle complete - next check in 60 seconds
[Mon Mar 16 23:35:19 CDT 2026] 💓 SOUL MASTER HEARTBEAT #15
✅ live-updater: ALIVE
✅ live-link-updater: ALIVE
✅ live-counters: ALIVE
✅ live-notifications: ALIVE
📊 STATUS: 4/4 components alive
🖥️ SYSTEM: Load 18.69, RAM 74%
live-soul-master.sh: line 206: bc: command not found
[Mon Mar 16 23:35:20 CDT 2026] ✅ Soul Master cycle complete - next check in 60 seconds
[Mon Mar 16 23:36:20 CDT 2026] 💓 SOUL MASTER HEARTBEAT #16
✅ live-updater: ALIVE
✅ live-link-updater: ALIVE
✅ live-counters: ALIVE
✅ live-notifications: ALIVE
📊 STATUS: 4/4 components alive
🖥️ SYSTEM: Load 19.88, RAM 76%
live-soul-master.sh: line 206: bc: command not found
[Mon Mar 16 23:36:21 CDT 2026] ✅ Soul Master cycle complete - next check in 60 seconds
[Mon Mar 16 23:37:21 CDT 2026] 💓 SOUL MASTER HEARTBEAT #17
✅ live-updater: ALIVE
✅ live-link-updater: ALIVE
✅ live-counters: ALIVE
✅ live-notifications: ALIVE
📊 STATUS: 4/4 components alive
🖥️ SYSTEM: Load 27.31, RAM 75%
live-soul-master.sh: line 206: bc: command not found
[Mon Mar 16 23:37:22 CDT 2026] ✅ Soul Master cycle complete - next check in 60 seconds
[Mon Mar 16 23:38:22 CDT 2026] 💓 SOUL MASTER HEARTBEAT #18
✅ live-updater: ALIVE
✅ live-link-updater: ALIVE
✅ live-counters: ALIVE
✅ live-notifications: ALIVE
📊 STATUS: 4/4 components alive
🖥️ SYSTEM: Load 20.48, RAM 74%
live-soul-master.sh: line 206: bc: command not found
[Mon Mar 16 23:38:23 CDT 2026] ✅ Soul Master cycle complete - next check in 60 seconds
[Mon Mar 16 23:39:23 CDT 2026] 💓 SOUL MASTER HEARTBEAT #19
✅ live-updater: ALIVE
✅ live-link-updater: ALIVE
✅ live-counters: ALIVE
✅ live-notifications: ALIVE
📊 STATUS: 4/4 components alive
🖥️ SYSTEM: Load 18.99, RAM 72%
live-soul-master.sh: line 206: bc: command not found
[Mon Mar 16 23:39:23 CDT 2026] ✅ Soul Master cycle complete - next check in 60 seconds
[Mon Mar 16 23:40:23 CDT 2026] 💓 SOUL MASTER HEARTBEAT #20
✅ live-updater: ALIVE
✅ live-link-updater: ALIVE
✅ live-counters: ALIVE
✅ live-notifications: ALIVE
📊 STATUS: 4/4 components alive
🖥️ SYSTEM: Load 18.60, RAM 73%
live-soul-master.sh: line 206: bc: command not found
[Mon Mar 16 23:40:24 CDT 2026] ✅ Soul Master cycle complete - next check in 60 seconds
[Mon Mar 16 23:41:24 CDT 2026] 💓 SOUL MASTER HEARTBEAT #21
✅ live-updater: ALIVE
✅ live-link-updater: ALIVE
✅ live-counters: ALIVE
✅ live-notifications: ALIVE
📊 STATUS: 4/4 components alive
🖥️ SYSTEM: Load 16.50, RAM 72%
live-soul-master.sh: line 206: bc: command not found
[Mon Mar 16 23:41:24 CDT 2026] ✅ Soul Master cycle complete - next check in 60 seconds
[Mon Mar 16 23:42:24 CDT 2026] 💓 SOUL MASTER HEARTBEAT #22
✅ live-updater: ALIVE
✅ live-link-updater: ALIVE
✅ live-counters: ALIVE
✅ live-notifications: ALIVE
📊 STATUS: 4/4 components alive
🖥️ SYSTEM: Load 15.20, RAM 76%
live-soul-master.sh: line 206: bc: command not found
[Mon Mar 16 23:42:24 CDT 2026] ✅ Soul Master cycle complete - next check in 60 seconds
[Mon Mar 16 23:43:24 CDT 2026] 💓 SOUL MASTER HEARTBEAT #23
✅ live-updater: ALIVE
✅ live-link-updater: ALIVE
✅ live-counters: ALIVE
✅ live-notifications: ALIVE
📊 STATUS: 4/4 components alive
🖥️ SYSTEM: Load 16.41, RAM 68%
live-soul-master.sh: line 206: bc: command not found
[Mon Mar 16 23:43:25 CDT 2026] ✅ Soul Master cycle complete - next check in 60 seconds
[Mon Mar 16 23:44:25 CDT 2026] 💓 SOUL MASTER HEARTBEAT #24
✅ live-updater: ALIVE
✅ live-link-updater: ALIVE
✅ live-counters: ALIVE
✅ live-notifications: ALIVE
📊 STATUS: 4/4 components alive
🖥️ SYSTEM: Load 16.89, RAM 70%
live-soul-master.sh: line 206: bc: command not found
[Mon Mar 16 23:44:25 CDT 2026] ✅ Soul Master cycle complete - next check in 60 seconds
[Mon Mar 16 23:45:25 CDT 2026] 💓 SOUL MASTER HEARTBEAT #25
✅ live-updater: ALIVE
✅ live-link-updater: ALIVE
✅ live-counters: ALIVE
✅ live-notifications: ALIVE
📊 STATUS: 4/4 components alive
🖥️ SYSTEM: Load 15.77, RAM 68%
live-soul-master.sh: line 206: bc: command not found
[Mon Mar 16 23:45:26 CDT 2026] ✅ Soul Master cycle complete - next check in 60 seconds
[Mon Mar 16 23:46:26 CDT 2026] 💓 SOUL MASTER HEARTBEAT #26
✅ live-updater: ALIVE
✅ live-link-updater: ALIVE
✅ live-counters: ALIVE
✅ live-notifications: ALIVE
📊 STATUS: 4/4 components alive
🖥️ SYSTEM: Load 16.38, RAM 69%
live-soul-master.sh: line 206: bc: command not found
[Mon Mar 16 23:46:26 CDT 2026] ✅ Soul Master cycle complete - next check in 60 seconds
[Mon Mar 16 23:47:26 CDT 2026] 💓 SOUL MASTER HEARTBEAT #27
✅ live-updater: ALIVE
✅ live-link-updater: ALIVE
✅ live-counters: ALIVE
✅ live-notifications: ALIVE
📊 STATUS: 4/4 components alive
🖥️ SYSTEM: Load 15.53, RAM 68%
live-soul-master.sh: line 206: bc: command not found
[Mon Mar 16 23:47:26 CDT 2026] ✅ Soul Master cycle complete - next check in 60 seconds
[Mon Mar 16 23:48:26 CDT 2026] 💓 SOUL MASTER HEARTBEAT #28
✅ live-updater: ALIVE
✅ live-link-updater: ALIVE
✅ live-counters: ALIVE
✅ live-notifications: ALIVE
📊 STATUS: 4/4 components alive
🖥️ SYSTEM: Load 19.41, RAM 71%
live-soul-master.sh: line 206: bc: command not found
[Mon Mar 16 23:48:27 CDT 2026] ✅ Soul Master cycle complete - next check in 60 seconds
