[Mon Mar 16 23:22:47 CDT 2026] 🔍 SCANNING FOR NOTIFICATION EVENTS
./live-notifications.sh: line 69: bc: command not found
[1;33m⚠️ SYSTEM ALERT: 3 agents offline (0 active)[0m
[0;34m📝 NEW CONTENT: 'LIVE LINKS: New content detected, catalog updated'[0m
[eval]:7
                message: '📝 NEW CONTENT: 'LIVE LINKS: New content detected, catalog updated'',
                                           ^^^^
Expected ',', got 'LIVE'

SyntaxError: Unexpected identifier 'LIVE'
    at makeContextifyScript (node:internal/vm:185:14)
    at compileScript (node:internal/process/execution:383:10)
    at evalTypeScript (node:internal/process/execution:256:22)
    at node:internal/main/eval_string:74:3

Node.js v22.22.0
[Mon Mar 16 23:22:49 CDT 2026] ✅ Notification scan complete - next scan in 30 seconds
[Mon Mar 16 23:23:19 CDT 2026] 🔍 SCANNING FOR NOTIFICATION EVENTS
./live-notifications.sh: line 69: bc: command not found
[1;33m⚠️ SYSTEM ALERT: 5 agents offline (0 active)[0m
[0;34m📝 NEW CONTENT: 'LIVE LINKS: New content detected, catalog updated'[0m
[eval]:7
                message: '📝 NEW CONTENT: 'LIVE LINKS: New content detected, catalog updated'',
                                           ^^^^
Expected ',', got 'LIVE'

SyntaxError: Unexpected identifier 'LIVE'
    at makeContextifyScript (node:internal/vm:185:14)
    at compileScript (node:internal/process/execution:383:10)
    at evalTypeScript (node:internal/process/execution:256:22)
    at node:internal/main/eval_string:74:3

Node.js v22.22.0
[Mon Mar 16 23:23:21 CDT 2026] ✅ Notification scan complete - next scan in 30 seconds
[Mon Mar 16 23:23:51 CDT 2026] 🔍 SCANNING FOR NOTIFICATION EVENTS
./live-notifications.sh: line 69: bc: command not found
[1;33m⚠️ SYSTEM ALERT: 5 agents offline (0 active)[0m
[0;34m📝 NEW CONTENT: 'LIVE LINKS: New content detected, catalog updated'[0m
[eval]:7
                message: '📝 NEW CONTENT: 'LIVE LINKS: New content detected, catalog updated'',
                                           ^^^^
Expected ',', got 'LIVE'

SyntaxError: Unexpected identifier 'LIVE'
    at makeContextifyScript (node:internal/vm:185:14)
    at compileScript (node:internal/process/execution:383:10)
    at evalTypeScript (node:internal/process/execution:256:22)
    at node:internal/main/eval_string:74:3

Node.js v22.22.0
[Mon Mar 16 23:23:53 CDT 2026] ✅ Notification scan complete - next scan in 30 seconds
[Mon Mar 16 23:24:23 CDT 2026] 🔍 SCANNING FOR NOTIFICATION EVENTS
./live-notifications.sh: line 69: bc: command not found
[1;33m⚠️ SYSTEM ALERT: 5 agents offline (0 active)[0m
[0;34m📝 NEW CONTENT: 'LIVE LINKS: New content detected, catalog updated'[0m
[eval]:7
                message: '📝 NEW CONTENT: 'LIVE LINKS: New content detected, catalog updated'',
                                           ^^^^
Expected ',', got 'LIVE'

SyntaxError: Unexpected identifier 'LIVE'
    at makeContextifyScript (node:internal/vm:185:14)
    at compileScript (node:internal/process/execution:383:10)
    at evalTypeScript (node:internal/process/execution:256:22)
    at node:internal/main/eval_string:74:3

Node.js v22.22.0
[Mon Mar 16 23:24:24 CDT 2026] ✅ Notification scan complete - next scan in 30 seconds
[Mon Mar 16 23:24:54 CDT 2026] 🔍 SCANNING FOR NOTIFICATION EVENTS
./live-notifications.sh: line 69: bc: command not found
[1;33m⚠️ SYSTEM ALERT: 5 agents offline (0 active)[0m
[0;34m📝 NEW CONTENT: 'LIVE LINKS: New content detected, catalog updated'[0m
[eval]:7
                message: '📝 NEW CONTENT: 'LIVE LINKS: New content detected, catalog updated'',
                                           ^^^^
Expected ',', got 'LIVE'

SyntaxError: Unexpected identifier 'LIVE'
    at makeContextifyScript (node:internal/vm:185:14)
    at compileScript (node:internal/process/execution:383:10)
    at evalTypeScript (node:internal/process/execution:256:22)
    at node:internal/main/eval_string:74:3

Node.js v22.22.0
[Mon Mar 16 23:24:56 CDT 2026] ✅ Notification scan complete - next scan in 30 seconds
[Mon Mar 16 23:25:26 CDT 2026] 🔍 SCANNING FOR NOTIFICATION EVENTS
./live-notifications.sh: line 69: bc: command not found
[1;33m⚠️ SYSTEM ALERT: 5 agents offline (1 active)[0m
[0;34m📝 NEW CONTENT: 'LIVE LINKS: New content detected, catalog updated'[0m
[eval]:7
                message: '📝 NEW CONTENT: 'LIVE LINKS: New content detected, catalog updated'',
                                           ^^^^
Expected ',', got 'LIVE'

SyntaxError: Unexpected identifier 'LIVE'
    at makeContextifyScript (node:internal/vm:185:14)
    at compileScript (node:internal/process/execution:383:10)
    at evalTypeScript (node:internal/process/execution:256:22)
    at node:internal/main/eval_string:74:3

Node.js v22.22.0
[Mon Mar 16 23:25:27 CDT 2026] ✅ Notification scan complete - next scan in 30 seconds
[Mon Mar 16 23:25:58 CDT 2026] 🔍 SCANNING FOR NOTIFICATION EVENTS
./live-notifications.sh: line 69: bc: command not found
[1;33m⚠️ SYSTEM ALERT: 5 agents offline (0 active)[0m
[0;34m📝 NEW CONTENT: 'LIVE LINKS: New content detected, catalog updated'[0m
[eval]:7
                message: '📝 NEW CONTENT: 'LIVE LINKS: New content detected, catalog updated'',
                                           ^^^^
Expected ',', got 'LIVE'

SyntaxError: Unexpected identifier 'LIVE'
    at makeContextifyScript (node:internal/vm:185:14)
    at compileScript (node:internal/process/execution:383:10)
    at evalTypeScript (node:internal/process/execution:256:22)
    at node:internal/main/eval_string:74:3

Node.js v22.22.0
[Mon Mar 16 23:25:59 CDT 2026] ✅ Notification scan complete - next scan in 30 seconds
[Mon Mar 16 23:26:29 CDT 2026] 🔍 SCANNING FOR NOTIFICATION EVENTS
./live-notifications.sh: line 69: bc: command not found
[1;33m⚠️ SYSTEM ALERT: 5 agents offline (0 active)[0m
[0;34m📝 NEW CONTENT: 'LIVE LINKS: New content detected, catalog updated'[0m
[eval]:7
                message: '📝 NEW CONTENT: 'LIVE LINKS: New content detected, catalog updated'',
                                           ^^^^
Expected ',', got 'LIVE'

SyntaxError: Unexpected identifier 'LIVE'
    at makeContextifyScript (node:internal/vm:185:14)
    at compileScript (node:internal/process/execution:383:10)
    at evalTypeScript (node:internal/process/execution:256:22)
    at node:internal/main/eval_string:74:3

Node.js v22.22.0
[Mon Mar 16 23:26:31 CDT 2026] ✅ Notification scan complete - next scan in 30 seconds
[Mon Mar 16 23:27:01 CDT 2026] 🔍 SCANNING FOR NOTIFICATION EVENTS
./live-notifications.sh: line 69: bc: command not found
[1;33m⚠️ SYSTEM ALERT: 5 agents offline (0 active)[0m
[Mon Mar 16 23:27:03 CDT 2026] ✅ Notification scan complete - next scan in 30 seconds
[Mon Mar 16 23:27:33 CDT 2026] 🔍 SCANNING FOR NOTIFICATION EVENTS
./live-notifications.sh: line 69: bc: command not found
[1;33m⚠️ SYSTEM ALERT: 5 agents offline (0 active)[0m
[Mon Mar 16 23:27:36 CDT 2026] ✅ Notification scan complete - next scan in 30 seconds
[Mon Mar 16 23:28:06 CDT 2026] 🔍 SCANNING FOR NOTIFICATION EVENTS
./live-notifications.sh: line 69: bc: command not found
[1;33m⚠️ SYSTEM ALERT: 5 agents offline (0 active)[0m
[Mon Mar 16 23:28:08 CDT 2026] ✅ Notification scan complete - next scan in 30 seconds
[Mon Mar 16 23:28:38 CDT 2026] 🔍 SCANNING FOR NOTIFICATION EVENTS
./live-notifications.sh: line 69: bc: command not found
[1;33m⚠️ SYSTEM ALERT: 5 agents offline (0 active)[0m
[Mon Mar 16 23:28:40 CDT 2026] ✅ Notification scan complete - next scan in 30 seconds
[Mon Mar 16 23:29:10 CDT 2026] 🔍 SCANNING FOR NOTIFICATION EVENTS
./live-notifications.sh: line 69: bc: command not found
[1;33m⚠️ SYSTEM ALERT: 5 agents offline (0 active)[0m
[Mon Mar 16 23:29:11 CDT 2026] ✅ Notification scan complete - next scan in 30 seconds
[Mon Mar 16 23:29:41 CDT 2026] 🔍 SCANNING FOR NOTIFICATION EVENTS
./live-notifications.sh: line 69: bc: command not found
[1;33m⚠️ SYSTEM ALERT: 3 agents offline (0 active)[0m
[Mon Mar 16 23:29:43 CDT 2026] ✅ Notification scan complete - next scan in 30 seconds
[Mon Mar 16 23:30:13 CDT 2026] 🔍 SCANNING FOR NOTIFICATION EVENTS
./live-notifications.sh: line 69: bc: command not found
[1;33m⚠️ SYSTEM ALERT: 5 agents offline (0 active)[0m
[Mon Mar 16 23:30:14 CDT 2026] ✅ Notification scan complete - next scan in 30 seconds
[Mon Mar 16 23:30:45 CDT 2026] 🔍 SCANNING FOR NOTIFICATION EVENTS
./live-notifications.sh: line 69: bc: command not found
[1;33m⚠️ SYSTEM ALERT: 5 agents offline (0 active)[0m
[Mon Mar 16 23:30:46 CDT 2026] ✅ Notification scan complete - next scan in 30 seconds
[Mon Mar 16 23:31:16 CDT 2026] 🔍 SCANNING FOR NOTIFICATION EVENTS
./live-notifications.sh: line 69: bc: command not found
[1;33m⚠️ SYSTEM ALERT: 2 agents offline (1 active)[0m
[Mon Mar 16 23:31:18 CDT 2026] ✅ Notification scan complete - next scan in 30 seconds
[Mon Mar 16 23:31:48 CDT 2026] 🔍 SCANNING FOR NOTIFICATION EVENTS
./live-notifications.sh: line 69: bc: command not found
[1;33m⚠️ SYSTEM ALERT: 5 agents offline (0 active)[0m
[Mon Mar 16 23:31:50 CDT 2026] ✅ Notification scan complete - next scan in 30 seconds
[Mon Mar 16 23:32:20 CDT 2026] 🔍 SCANNING FOR NOTIFICATION EVENTS
./live-notifications.sh: line 69: bc: command not found
[1;33m⚠️ SYSTEM ALERT: 5 agents offline (0 active)[0m
[Mon Mar 16 23:32:21 CDT 2026] ✅ Notification scan complete - next scan in 30 seconds
[Mon Mar 16 23:32:51 CDT 2026] 🔍 SCANNING FOR NOTIFICATION EVENTS
./live-notifications.sh: line 69: bc: command not found
[1;33m⚠️ SYSTEM ALERT: 5 agents offline (0 active)[0m
[Mon Mar 16 23:32:53 CDT 2026] ✅ Notification scan complete - next scan in 30 seconds
[Mon Mar 16 23:33:23 CDT 2026] 🔍 SCANNING FOR NOTIFICATION EVENTS
./live-notifications.sh: line 69: bc: command not found
[1;33m⚠️ SYSTEM ALERT: 5 agents offline (0 active)[0m
[Mon Mar 16 23:33:25 CDT 2026] ✅ Notification scan complete - next scan in 30 seconds
[Mon Mar 16 23:33:55 CDT 2026] 🔍 SCANNING FOR NOTIFICATION EVENTS
./live-notifications.sh: line 69: bc: command not found
[1;33m⚠️ SYSTEM ALERT: 5 agents offline (1 active)[0m
[Mon Mar 16 23:33:56 CDT 2026] ✅ Notification scan complete - next scan in 30 seconds
[Mon Mar 16 23:34:26 CDT 2026] 🔍 SCANNING FOR NOTIFICATION EVENTS
./live-notifications.sh: line 69: bc: command not found
[1;33m⚠️ SYSTEM ALERT: 5 agents offline (0 active)[0m
[Mon Mar 16 23:34:30 CDT 2026] ✅ Notification scan complete - next scan in 30 seconds
[Mon Mar 16 23:35:00 CDT 2026] 🔍 SCANNING FOR NOTIFICATION EVENTS
./live-notifications.sh: line 69: bc: command not found
[1;33m⚠️ SYSTEM ALERT: 5 agents offline (0 active)[0m
[Mon Mar 16 23:35:01 CDT 2026] ✅ Notification scan complete - next scan in 30 seconds
[Mon Mar 16 23:35:32 CDT 2026] 🔍 SCANNING FOR NOTIFICATION EVENTS
./live-notifications.sh: line 69: bc: command not found
[1;33m⚠️ SYSTEM ALERT: 2 agents offline (0 active)[0m
[Mon Mar 16 23:35:33 CDT 2026] ✅ Notification scan complete - next scan in 30 seconds
[Mon Mar 16 23:36:03 CDT 2026] 🔍 SCANNING FOR NOTIFICATION EVENTS
./live-notifications.sh: line 69: bc: command not found
[1;33m⚠️ SYSTEM ALERT: 5 agents offline (0 active)[0m
[Mon Mar 16 23:36:07 CDT 2026] ✅ Notification scan complete - next scan in 30 seconds
[Mon Mar 16 23:36:37 CDT 2026] 🔍 SCANNING FOR NOTIFICATION EVENTS
./live-notifications.sh: line 69: bc: command not found
[1;33m⚠️ SYSTEM ALERT: 5 agents offline (0 active)[0m
[Mon Mar 16 23:36:41 CDT 2026] ✅ Notification scan complete - next scan in 30 seconds
[Mon Mar 16 23:37:11 CDT 2026] 🔍 SCANNING FOR NOTIFICATION EVENTS
./live-notifications.sh: line 69: bc: command not found
[1;33m⚠️ SYSTEM ALERT: 5 agents offline (0 active)[0m
[Mon Mar 16 23:37:14 CDT 2026] ✅ Notification scan complete - next scan in 30 seconds
[Mon Mar 16 23:37:44 CDT 2026] 🔍 SCANNING FOR NOTIFICATION EVENTS
./live-notifications.sh: line 69: bc: command not found
[1;33m⚠️ SYSTEM ALERT: 5 agents offline (0 active)[0m
[Mon Mar 16 23:37:47 CDT 2026] ✅ Notification scan complete - next scan in 30 seconds
[Mon Mar 16 23:38:17 CDT 2026] 🔍 SCANNING FOR NOTIFICATION EVENTS
./live-notifications.sh: line 69: bc: command not found
[1;33m⚠️ SYSTEM ALERT: 5 agents offline (0 active)[0m
[Mon Mar 16 23:38:18 CDT 2026] ✅ Notification scan complete - next scan in 30 seconds
[Mon Mar 16 23:38:49 CDT 2026] 🔍 SCANNING FOR NOTIFICATION EVENTS
./live-notifications.sh: line 69: bc: command not found
[1;33m⚠️ SYSTEM ALERT: 4 agents offline (0 active)[0m
[Mon Mar 16 23:38:51 CDT 2026] ✅ Notification scan complete - next scan in 30 seconds
[Mon Mar 16 23:39:21 CDT 2026] 🔍 SCANNING FOR NOTIFICATION EVENTS
./live-notifications.sh: line 69: bc: command not found
[1;33m⚠️ SYSTEM ALERT: 5 agents offline (0 active)[0m
[Mon Mar 16 23:39:22 CDT 2026] ✅ Notification scan complete - next scan in 30 seconds
[Mon Mar 16 23:39:52 CDT 2026] 🔍 SCANNING FOR NOTIFICATION EVENTS
./live-notifications.sh: line 69: bc: command not found
[1;33m⚠️ SYSTEM ALERT: 5 agents offline (0 active)[0m
[Mon Mar 16 23:39:54 CDT 2026] ✅ Notification scan complete - next scan in 30 seconds
[Mon Mar 16 23:40:24 CDT 2026] 🔍 SCANNING FOR NOTIFICATION EVENTS
./live-notifications.sh: line 69: bc: command not found
[1;33m⚠️ SYSTEM ALERT: 5 agents offline (0 active)[0m
[Mon Mar 16 23:40:27 CDT 2026] ✅ Notification scan complete - next scan in 30 seconds
[Mon Mar 16 23:40:57 CDT 2026] 🔍 SCANNING FOR NOTIFICATION EVENTS
./live-notifications.sh: line 69: bc: command not found
[1;33m⚠️ SYSTEM ALERT: 5 agents offline (0 active)[0m
[Mon Mar 16 23:40:58 CDT 2026] ✅ Notification scan complete - next scan in 30 seconds
[Mon Mar 16 23:41:28 CDT 2026] 🔍 SCANNING FOR NOTIFICATION EVENTS
./live-notifications.sh: line 69: bc: command not found
[1;33m⚠️ SYSTEM ALERT: 5 agents offline (0 active)[0m
[Mon Mar 16 23:41:29 CDT 2026] ✅ Notification scan complete - next scan in 30 seconds
[Mon Mar 16 23:41:59 CDT 2026] 🔍 SCANNING FOR NOTIFICATION EVENTS
./live-notifications.sh: line 69: bc: command not found
[1;33m⚠️ SYSTEM ALERT: 5 agents offline (0 active)[0m
[Mon Mar 16 23:42:01 CDT 2026] ✅ Notification scan complete - next scan in 30 seconds
[Mon Mar 16 23:42:31 CDT 2026] 🔍 SCANNING FOR NOTIFICATION EVENTS
./live-notifications.sh: line 69: bc: command not found
[1;33m⚠️ SYSTEM ALERT: 5 agents offline (0 active)[0m
[Mon Mar 16 23:42:32 CDT 2026] ✅ Notification scan complete - next scan in 30 seconds
[Mon Mar 16 23:43:02 CDT 2026] 🔍 SCANNING FOR NOTIFICATION EVENTS
./live-notifications.sh: line 69: bc: command not found
[1;33m⚠️ SYSTEM ALERT: 4 agents offline (1 active)[0m
[Mon Mar 16 23:43:04 CDT 2026] ✅ Notification scan complete - next scan in 30 seconds
[Mon Mar 16 23:43:34 CDT 2026] 🔍 SCANNING FOR NOTIFICATION EVENTS
./live-notifications.sh: line 69: bc: command not found
[1;33m⚠️ SYSTEM ALERT: 5 agents offline (0 active)[0m
[Mon Mar 16 23:43:36 CDT 2026] ✅ Notification scan complete - next scan in 30 seconds
[Mon Mar 16 23:44:06 CDT 2026] 🔍 SCANNING FOR NOTIFICATION EVENTS
./live-notifications.sh: line 69: bc: command not found
[1;33m⚠️ SYSTEM ALERT: 5 agents offline (0 active)[0m
[Mon Mar 16 23:44:07 CDT 2026] ✅ Notification scan complete - next scan in 30 seconds
[Mon Mar 16 23:44:37 CDT 2026] 🔍 SCANNING FOR NOTIFICATION EVENTS
./live-notifications.sh: line 69: bc: command not found
[1;33m⚠️ SYSTEM ALERT: 5 agents offline (0 active)[0m
[Mon Mar 16 23:44:38 CDT 2026] ✅ Notification scan complete - next scan in 30 seconds
[Mon Mar 16 23:45:08 CDT 2026] 🔍 SCANNING FOR NOTIFICATION EVENTS
./live-notifications.sh: line 69: bc: command not found
[1;33m⚠️ SYSTEM ALERT: 5 agents offline (0 active)[0m
[Mon Mar 16 23:45:09 CDT 2026] ✅ Notification scan complete - next scan in 30 seconds
[Mon Mar 16 23:45:39 CDT 2026] 🔍 SCANNING FOR NOTIFICATION EVENTS
./live-notifications.sh: line 69: bc: command not found
[1;33m⚠️ SYSTEM ALERT: 5 agents offline (0 active)[0m
[Mon Mar 16 23:45:41 CDT 2026] ✅ Notification scan complete - next scan in 30 seconds
[Mon Mar 16 23:46:11 CDT 2026] 🔍 SCANNING FOR NOTIFICATION EVENTS
./live-notifications.sh: line 69: bc: command not found
[1;33m⚠️ SYSTEM ALERT: 5 agents offline (0 active)[0m
[Mon Mar 16 23:46:12 CDT 2026] ✅ Notification scan complete - next scan in 30 seconds
[Mon Mar 16 23:46:42 CDT 2026] 🔍 SCANNING FOR NOTIFICATION EVENTS
./live-notifications.sh: line 69: bc: command not found
[1;33m⚠️ SYSTEM ALERT: 5 agents offline (0 active)[0m
[Mon Mar 16 23:46:43 CDT 2026] ✅ Notification scan complete - next scan in 30 seconds
[Mon Mar 16 23:47:13 CDT 2026] 🔍 SCANNING FOR NOTIFICATION EVENTS
./live-notifications.sh: line 69: bc: command not found
[1;33m⚠️ SYSTEM ALERT: 5 agents offline (1 active)[0m
[Mon Mar 16 23:47:14 CDT 2026] ✅ Notification scan complete - next scan in 30 seconds
[Mon Mar 16 23:47:44 CDT 2026] 🔍 SCANNING FOR NOTIFICATION EVENTS
./live-notifications.sh: line 69: bc: command not found
[1;33m⚠️ SYSTEM ALERT: 5 agents offline (0 active)[0m
[Mon Mar 16 23:47:46 CDT 2026] ✅ Notification scan complete - next scan in 30 seconds
[Mon Mar 16 23:48:16 CDT 2026] 🔍 SCANNING FOR NOTIFICATION EVENTS
./live-notifications.sh: line 69: bc: command not found
[1;33m⚠️ SYSTEM ALERT: 5 agents offline (0 active)[0m
[Mon Mar 16 23:48:18 CDT 2026] ✅ Notification scan complete - next scan in 30 seconds
